# JRE version: OpenJDK Runtime Environment (21.0.8) (build 21.0.8+-14018985-b1038.68)
# Java VM: OpenJDK 64-Bit Server VM (21.0.8+-14018985-b1038.68, mixed mode, tiered, compressed oops, compressed class ptrs, g1 gc, windows-amd64)
GC Precious Log:
 CardTable entry size: 512
 Card Set container configuration: InlinePtr #cards 5 size 8 Array Of Cards #cards 12 size 40 Howl #buckets 4 coarsen threshold 1843 Howl Bitmap #cards 512 size 80 coarsen threshold 460 Card regions per heap region 1 cards per card region 2048
 CPUs: 12 total, 12 available
 Memory: 15754M
 Large Page Support: Disabled
 NUMA Support: Disabled
 Compressed Oops: Enabled (32-bit)
 Heap Region Size: 1M
 Heap Min Capacity: 8M
 Heap Initial Capacity: 248M
 Heap Max Capacity: 2G
 Pre-touch: Disabled
 Parallel Workers: 10
 Concurrent Workers: 3
 Concurrent Refinement Workers: 10
 Periodic GC: Disabled
Heap:
 garbage-first heap   total 512000K, used 350734K [0x0000000080000000, 0x0000000100000000)
  region size 1024K, 29 young (29696K), 20 survivors (20480K)
 Metaspace       used 265263K, committed 268544K, reserved 1310720K
  class space    used 35365K, committed 36992K, reserved 1048576K
GC Heap History (20 events):
Event: 1388.792 GC heap before
{Heap before GC invocations=99 (full 0):
 garbage-first heap   total 439296K, used 398518K [0x0000000080000000, 0x0000000100000000)
  region size 1024K, 139 young (142336K), 10 survivors (10240K)
 Metaspace       used 236777K, committed 239872K, reserved 1310720K
  class space    used 32128K, committed 33664K, reserved 1048576K
}
Event: 1388.800 GC heap after
{Heap after GC invocations=100 (full 0):
 garbage-first heap   total 439296K, used 270496K [0x0000000080000000, 0x0000000100000000)
  region size 1024K, 17 young (17408K), 17 survivors (17408K)
 Metaspace       used 236777K, committed 239872K, reserved 1310720K
  class space    used 32128K, committed 33664K, reserved 1048576K
}
Event: 1391.605 GC heap before
{Heap before GC invocations=100 (full 0):
 garbage-first heap   total 439296K, used 353440K [0x0000000080000000, 0x0000000100000000)
  region size 1024K, 100 young (102400K), 17 survivors (17408K)
 Metaspace       used 242641K, committed 245696K, reserved 1310720K
  class space    used 32958K, committed 34496K, reserved 1048576K
}
Event: 1391.614 GC heap after
{Heap after GC invocations=101 (full 0):
 garbage-first heap   total 439296K, used 278099K [0x0000000080000000, 0x0000000100000000)
  region size 1024K, 16 young (16384K), 16 survivors (16384K)
 Metaspace       used 242641K, committed 245696K, reserved 1310720K
  class space    used 32958K, committed 34496K, reserved 1048576K
}
Event: 1392.381 GC heap before
{Heap before GC invocations=102 (full 0):
 garbage-first heap   total 467968K, used 396883K [0x0000000080000000, 0x0000000100000000)
  region size 1024K, 132 young (135168K), 16 survivors (16384K)
 Metaspace       used 245755K, committed 248832K, reserved 1310720K
  class space    used 33264K, committed 34752K, reserved 1048576K
}
Event: 1392.387 GC heap after
{Heap after GC invocations=103 (full 0):
 garbage-first heap   total 467968K, used 278490K [0x0000000080000000, 0x0000000100000000)
  region size 1024K, 10 young (10240K), 10 survivors (10240K)
 Metaspace       used 245755K, committed 248832K, reserved 1310720K
  class space    used 33264K, committed 34752K, reserved 1048576K
}
Event: 1393.163 GC heap before
{Heap before GC invocations=103 (full 0):
 garbage-first heap   total 467968K, used 431066K [0x0000000080000000, 0x0000000100000000)
  region size 1024K, 158 young (161792K), 10 survivors (10240K)
 Metaspace       used 247092K, committed 250176K, reserved 1310720K
  class space    used 33377K, committed 34880K, reserved 1048576K
}
Event: 1393.173 GC heap after
{Heap after GC invocations=104 (full 0):
 garbage-first heap   total 467968K, used 286670K [0x0000000080000000, 0x0000000100000000)
  region size 1024K, 20 young (20480K), 20 survivors (20480K)
 Metaspace       used 247092K, committed 250176K, reserved 1310720K
  class space    used 33377K, committed 34880K, reserved 1048576K
}
Event: 1394.050 GC heap before
{Heap before GC invocations=104 (full 0):
 garbage-first heap   total 467968K, used 342990K [0x0000000080000000, 0x0000000100000000)
  region size 1024K, 76 young (77824K), 20 survivors (20480K)
 Metaspace       used 250557K, committed 253632K, reserved 1310720K
  class space    used 33602K, committed 35136K, reserved 1048576K
}
Event: 1394.060 GC heap after
{Heap after GC invocations=105 (full 0):
 garbage-first heap   total 467968K, used 288244K [0x0000000080000000, 0x0000000100000000)
  region size 1024K, 8 young (8192K), 8 survivors (8192K)
 Metaspace       used 250557K, committed 253632K, reserved 1310720K
  class space    used 33602K, committed 35136K, reserved 1048576K
}
Event: 1394.973 GC heap before
{Heap before GC invocations=106 (full 0):
 garbage-first heap   total 485376K, used 421364K [0x0000000080000000, 0x0000000100000000)
  region size 1024K, 137 young (140288K), 8 survivors (8192K)
 Metaspace       used 253773K, committed 256896K, reserved 1310720K
  class space    used 34020K, committed 35520K, reserved 1048576K
}
Event: 1394.979 GC heap after
{Heap after GC invocations=107 (full 0):
 garbage-first heap   total 485376K, used 295785K [0x0000000080000000, 0x0000000100000000)
  region size 1024K, 14 young (14336K), 14 survivors (14336K)
 Metaspace       used 253773K, committed 256896K, reserved 1310720K
  class space    used 34020K, committed 35520K, reserved 1048576K
}
Event: 1395.568 GC heap before
{Heap before GC invocations=107 (full 0):
 garbage-first heap   total 485376K, used 436073K [0x0000000080000000, 0x0000000100000000)
  region size 1024K, 151 young (154624K), 14 survivors (14336K)
 Metaspace       used 253773K, committed 256896K, reserved 1310720K
  class space    used 34020K, committed 35520K, reserved 1048576K
}
Event: 1395.575 GC heap after
{Heap after GC invocations=108 (full 0):
 garbage-first heap   total 485376K, used 291477K [0x0000000080000000, 0x0000000100000000)
  region size 1024K, 10 young (10240K), 10 survivors (10240K)
 Metaspace       used 253773K, committed 256896K, reserved 1310720K
  class space    used 34020K, committed 35520K, reserved 1048576K
}
Event: 1397.082 GC heap before
{Heap before GC invocations=108 (full 0):
 garbage-first heap   total 485376K, used 414357K [0x0000000080000000, 0x0000000100000000)
  region size 1024K, 132 young (135168K), 10 survivors (10240K)
 Metaspace       used 254259K, committed 257344K, reserved 1310720K
  class space    used 34086K, committed 35584K, reserved 1048576K
}
Event: 1397.087 GC heap after
{Heap after GC invocations=109 (full 0):
 garbage-first heap   total 485376K, used 295706K [0x0000000080000000, 0x0000000100000000)
  region size 1024K, 14 young (14336K), 14 survivors (14336K)
 Metaspace       used 254259K, committed 257344K, reserved 1310720K
  class space    used 34086K, committed 35584K, reserved 1048576K
}
Event: 1399.031 GC heap before
{Heap before GC invocations=110 (full 0):
 garbage-first heap   total 493568K, used 442138K [0x0000000080000000, 0x0000000100000000)
  region size 1024K, 158 young (161792K), 14 survivors (14336K)
 Metaspace       used 261369K, committed 264512K, reserved 1310720K
  class space    used 34905K, committed 36480K, reserved 1048576K
}
Event: 1399.043 GC heap after
{Heap after GC invocations=111 (full 0):
 garbage-first heap   total 493568K, used 304128K [0x0000000080000000, 0x0000000100000000)
  region size 1024K, 20 young (20480K), 20 survivors (20480K)
 Metaspace       used 261369K, committed 264512K, reserved 1310720K
  class space    used 34905K, committed 36480K, reserved 1048576K
}
Event: 1413.064 GC heap before
{Heap before GC invocations=111 (full 0):
 garbage-first heap   total 493568K, used 446464K [0x0000000080000000, 0x0000000100000000)
  region size 1024K, 160 young (163840K), 20 survivors (20480K)
 Metaspace       used 265037K, committed 268288K, reserved 1310720K
  class space    used 35364K, committed 36992K, reserved 1048576K
}
Event: 1413.084 GC heap after
{Heap after GC invocations=112 (full 0):
 garbage-first heap   total 493568K, used 298271K [0x0000000080000000, 0x0000000100000000)
  region size 1024K, 12 young (12288K), 12 survivors (12288K)
 Metaspace       used 265037K, committed 268288K, reserved 1310720K
  class space    used 35364K, committed 36992K, reserved 1048576K
}

