# JRE version: OpenJDK Runtime Environment (21.0.8) (build 21.0.8+-14018985-b1038.68)
# Java VM: OpenJDK 64-Bit Server VM (21.0.8+-14018985-b1038.68, mixed mode, tiered, compressed oops, compressed class ptrs, g1 gc, windows-amd64)
GC Precious Log:
 CardTable entry size: 512
 Card Set container configuration: InlinePtr #cards 5 size 8 Array Of Cards #cards 12 size 40 Howl #buckets 4 coarsen threshold 1843 Howl Bitmap #cards 512 size 80 coarsen threshold 460 Card regions per heap region 1 cards per card region 2048
 CPUs: 12 total, 12 available
 Memory: 15754M
 Large Page Support: Disabled
 NUMA Support: Disabled
 Compressed Oops: Enabled (32-bit)
 Heap Region Size: 1M
 Heap Min Capacity: 8M
 Heap Initial Capacity: 248M
 Heap Max Capacity: 2G
 Pre-touch: Disabled
 Parallel Workers: 10
 Concurrent Workers: 3
 Concurrent Refinement Workers: 10
 Periodic GC: Disabled
Heap:
 garbage-first heap   total 404480K, used 367781K [0x0000000080000000, 0x0000000100000000)
  region size 1024K, 134 young (137216K), 13 survivors (13312K)
 Metaspace       used 199493K, committed 202496K, reserved 1245184K
  class space    used 26456K, committed 27904K, reserved 1048576K
GC Heap History (20 events):
Event: 14.038 GC heap before
{Heap before GC invocations=45 (full 0):
 garbage-first heap   total 352256K, used 323185K [0x0000000080000000, 0x0000000100000000)
  region size 1024K, 111 young (113664K), 8 survivors (8192K)
 Metaspace       used 158880K, committed 161408K, reserved 1245184K
  class space    used 20976K, committed 22208K, reserved 1048576K
}
Event: 14.044 GC heap after
{Heap after GC invocations=46 (full 0):
 garbage-first heap   total 352256K, used 220716K [0x0000000080000000, 0x0000000100000000)
  region size 1024K, 13 young (13312K), 13 survivors (13312K)
 Metaspace       used 158880K, committed 161408K, reserved 1245184K
  class space    used 20976K, committed 22208K, reserved 1048576K
}
Event: 14.596 GC heap before
{Heap before GC invocations=46 (full 0):
 garbage-first heap   total 352256K, used 277036K [0x0000000080000000, 0x0000000100000000)
  region size 1024K, 69 young (70656K), 13 survivors (13312K)
 Metaspace       used 163989K, committed 166592K, reserved 1245184K
  class space    used 21622K, committed 22912K, reserved 1048576K
}
Event: 14.601 GC heap after
{Heap after GC invocations=47 (full 0):
 garbage-first heap   total 352256K, used 222349K [0x0000000080000000, 0x0000000100000000)
  region size 1024K, 7 young (7168K), 7 survivors (7168K)
 Metaspace       used 163989K, committed 166592K, reserved 1245184K
  class space    used 21622K, committed 22912K, reserved 1048576K
}
Event: 15.647 GC heap before
{Heap before GC invocations=48 (full 0):
 garbage-first heap   total 373760K, used 325773K [0x0000000080000000, 0x0000000100000000)
  region size 1024K, 107 young (109568K), 7 survivors (7168K)
 Metaspace       used 171413K, committed 174080K, reserved 1245184K
  class space    used 22873K, committed 24192K, reserved 1048576K
}
Event: 15.653 GC heap after
{Heap after GC invocations=49 (full 0):
 garbage-first heap   total 373760K, used 225565K [0x0000000080000000, 0x0000000100000000)
  region size 1024K, 11 young (11264K), 11 survivors (11264K)
 Metaspace       used 171413K, committed 174080K, reserved 1245184K
  class space    used 22873K, committed 24192K, reserved 1048576K
}
Event: 16.410 GC heap before
{Heap before GC invocations=49 (full 0):
 garbage-first heap   total 373760K, used 343325K [0x0000000080000000, 0x0000000100000000)
  region size 1024K, 124 young (126976K), 11 survivors (11264K)
 Metaspace       used 177182K, committed 179968K, reserved 1245184K
  class space    used 23728K, committed 25088K, reserved 1048576K
}
Event: 16.417 GC heap after
{Heap after GC invocations=50 (full 0):
 garbage-first heap   total 373760K, used 224545K [0x0000000080000000, 0x0000000100000000)
  region size 1024K, 12 young (12288K), 12 survivors (12288K)
 Metaspace       used 177182K, committed 179968K, reserved 1245184K
  class space    used 23728K, committed 25088K, reserved 1048576K
}
Event: 16.701 GC heap before
{Heap before GC invocations=50 (full 0):
 garbage-first heap   total 373760K, used 341281K [0x0000000080000000, 0x0000000100000000)
  region size 1024K, 126 young (129024K), 12 survivors (12288K)
 Metaspace       used 177184K, committed 179968K, reserved 1245184K
  class space    used 23728K, committed 25088K, reserved 1048576K
}
Event: 16.707 GC heap after
{Heap after GC invocations=51 (full 0):
 garbage-first heap   total 373760K, used 227835K [0x0000000080000000, 0x0000000100000000)
  region size 1024K, 10 young (10240K), 10 survivors (10240K)
 Metaspace       used 177184K, committed 179968K, reserved 1245184K
  class space    used 23728K, committed 25088K, reserved 1048576K
}
Event: 17.015 GC heap before
{Heap before GC invocations=52 (full 0):
 garbage-first heap   total 382976K, used 341499K [0x0000000080000000, 0x0000000100000000)
  region size 1024K, 121 young (123904K), 10 survivors (10240K)
 Metaspace       used 177184K, committed 179968K, reserved 1245184K
  class space    used 23728K, committed 25088K, reserved 1048576K
}
Event: 17.019 GC heap after
{Heap after GC invocations=53 (full 0):
 garbage-first heap   total 382976K, used 230627K [0x0000000080000000, 0x0000000100000000)
  region size 1024K, 8 young (8192K), 8 survivors (8192K)
 Metaspace       used 177184K, committed 179968K, reserved 1245184K
  class space    used 23728K, committed 25088K, reserved 1048576K
}
Event: 17.744 GC heap before
{Heap before GC invocations=53 (full 0):
 garbage-first heap   total 382976K, used 354531K [0x0000000080000000, 0x0000000100000000)
  region size 1024K, 128 young (131072K), 8 survivors (8192K)
 Metaspace       used 183223K, committed 185920K, reserved 1245184K
  class space    used 24535K, committed 25856K, reserved 1048576K
}
Event: 17.750 GC heap after
{Heap after GC invocations=54 (full 0):
 garbage-first heap   total 382976K, used 231821K [0x0000000080000000, 0x0000000100000000)
  region size 1024K, 12 young (12288K), 12 survivors (12288K)
 Metaspace       used 183223K, committed 185920K, reserved 1245184K
  class space    used 24535K, committed 25856K, reserved 1048576K
}
Event: 18.407 GC heap before
{Heap before GC invocations=54 (full 0):
 garbage-first heap   total 382976K, used 309645K [0x0000000080000000, 0x0000000100000000)
  region size 1024K, 90 young (92160K), 12 survivors (12288K)
 Metaspace       used 190264K, committed 193088K, reserved 1245184K
  class space    used 25416K, committed 26816K, reserved 1048576K
}
Event: 18.413 GC heap after
{Heap after GC invocations=55 (full 0):
 garbage-first heap   total 382976K, used 236921K [0x0000000080000000, 0x0000000100000000)
  region size 1024K, 12 young (12288K), 12 survivors (12288K)
 Metaspace       used 190264K, committed 193088K, reserved 1245184K
  class space    used 25416K, committed 26816K, reserved 1048576K
}
Event: 19.020 GC heap before
{Heap before GC invocations=56 (full 0):
 garbage-first heap   total 404480K, used 352633K [0x0000000080000000, 0x0000000100000000)
  region size 1024K, 121 young (123904K), 12 survivors (12288K)
 Metaspace       used 192500K, committed 195392K, reserved 1245184K
  class space    used 25583K, committed 27008K, reserved 1048576K
}
Event: 19.028 GC heap after
{Heap after GC invocations=57 (full 0):
 garbage-first heap   total 404480K, used 244404K [0x0000000080000000, 0x0000000100000000)
  region size 1024K, 16 young (16384K), 16 survivors (16384K)
 Metaspace       used 192500K, committed 195392K, reserved 1245184K
  class space    used 25583K, committed 27008K, reserved 1048576K
}
Event: 19.759 GC heap before
{Heap before GC invocations=57 (full 0):
 garbage-first heap   total 404480K, used 364212K [0x0000000080000000, 0x0000000100000000)
  region size 1024K, 134 young (137216K), 16 survivors (16384K)
 Metaspace       used 196254K, committed 199104K, reserved 1245184K
  class space    used 26006K, committed 27392K, reserved 1048576K
}
Event: 19.769 GC heap after
{Heap after GC invocations=58 (full 0):
 garbage-first heap   total 404480K, used 244901K [0x0000000080000000, 0x0000000100000000)
  region size 1024K, 13 young (13312K), 13 survivors (13312K)
 Metaspace       used 196254K, committed 199104K, reserved 1245184K
  class space    used 26006K, committed 27392K, reserved 1048576K
}

